[2023-02-02 17:39:30] local.ERROR: exception 'PDOException' with message 'SQLSTATE[HY000] [2002] Connection refused' in /srv/projects/Task/vendor/laravel/framework/src/Illuminate/Database/Connectors/Connector.php:47
Stack trace:
#0 /srv/projects/Task/vendor/laravel/framework/src/Illuminate/Database/Connectors/Connector.php(47): PDO->__construct('mysql:host=127....', 'root', '123456', Array)
#1 /srv/projects/Task/vendor/laravel/framework/src/Illuminate/Database/Connectors/MySqlConnector.php(20): Illuminate\Database\Connectors\Connector->createConnection('mysql:host=127....', Array, Array)
#2 /srv/projects/Task/vendor/laravel/framework/src/Illuminate/Database/Connectors/ConnectionFactory.php(57): Illuminate\Database\Connectors\MySqlConnector->connect(Array)
#3 /srv/projects/Task/vendor/laravel/framework/src/Illuminate/Database/Connectors/ConnectionFactory.php(46): Illuminate\Database\Connectors\ConnectionFactory->createSingleConnection(Array)
#4 /srv/projects/Task/vendor/laravel/framework/src/Illuminate/Database/DatabaseManager.php(176): Illuminate\Database\Connectors\ConnectionFactory->make(Array, 'mysql')
#5 /srv/projects/Task/vendor/laravel/framework/src/Illuminate/Database/DatabaseManager.php(64): Illuminate\Database\DatabaseManager->makeConnection('mysql')
#6 /srv/projects/Task/vendor/laravel/framework/src/Illuminate/Database/Eloquent/Model.php(2922): Illuminate\Database\DatabaseManager->connection(NULL)
#7 /srv/projects/Task/vendor/laravel/framework/src/Illuminate/Database/Eloquent/Model.php(2888): Illuminate\Database\Eloquent\Model::resolveConnection(NULL)
#8 /srv/projects/Task/vendor/laravel/framework/src/Illuminate/Database/Eloquent/Model.php(1849): Illuminate\Database\Eloquent\Model->getConnection()
#9 /srv/projects/Task/vendor/laravel/framework/src/Illuminate/Database/Eloquent/Model.php(1790): Illuminate\Database\Eloquent\Model->newBaseQueryBuilder()
#10 /srv/projects/Task/vendor/laravel/framework/src/Illuminate/Database/Eloquent/Model.php(1764): Illuminate\Database\Eloquent\Model->newQueryWithoutScopes()
#11 /srv/projects/Task/vendor/laravel/framework/src/Illuminate/Database/Eloquent/Model.php(640): Illuminate\Database\Eloquent\Model->newQuery()
#12 /srv/projects/Task/app/services/Settings/SettingGetter.php(23): Illuminate\Database\Eloquent\Model::all()
#13 [internal function]: App\Services\Settings\SettingGetter->__construct(Object(App\Services\Settings\SettingContainer), Object(App\Models\Setting))
#14 /srv/projects/Task/vendor/laravel/framework/src/Illuminate/Container/Container.php(539): ReflectionClass->newInstanceArgs(Array)
#15 /srv/projects/Task/vendor/laravel/framework/src/Illuminate/Container/Container.php(428): Illuminate\Container\Container->build('App\\Services\\Se...', Array)
#16 /srv/projects/Task/vendor/laravel/framework/src/Illuminate/Foundation/Application.php(462): Illuminate\Container\Container->make('App\\Services\\Se...', Array)
#17 /srv/projects/Task/app/services/Providers/SettingsServiceProvider.php(328): Illuminate\Foundation\Application->make('App\\Services\\Se...')
#18 /srv/projects/Task/vendor/laravel/framework/src/Illuminate/Container/Container.php(214): App\Services\Providers\SettingsServiceProvider->App\Services\Providers\{closure}(Object(Illuminate\Foundation\Application))
#19 /srv/projects/Task/vendor/laravel/framework/src/Illuminate/Container/Container.php(501): Illuminate\Container\Container->Illuminate\Container\{closure}(Object(Illuminate\Foundation\Application), Array)
#20 /srv/projects/Task/vendor/laravel/framework/src/Illuminate/Container/Container.php(428): Illuminate\Container\Container->build(Object(Closure), Array)
#21 /srv/projects/Task/vendor/laravel/framework/src/Illuminate/Foundation/Application.php(462): Illuminate\Container\Container->make('setting_getter', Array)
#22 /srv/projects/Task/vendor/laravel/framework/src/Illuminate/Container/Container.php(806): Illuminate\Foundation\Application->make('setting_getter')
#23 /srv/projects/Task/vendor/laravel/framework/src/Illuminate/Support/Facades/Facade.php(146): Illuminate\Container\Container->offsetGet('setting_getter')
#24 /srv/projects/Task/vendor/laravel/framework/src/Illuminate/Support/Facades/Facade.php(116): Illuminate\Support\Facades\Facade::resolveFacadeInstance('setting_getter')
#25 /srv/projects/Task/vendor/laravel/framework/src/Illuminate/Support/Facades/Facade.php(200): Illuminate\Support\Facades\Facade::getFacadeRoot()
#26 /srv/projects/Task/app/services/Filters/RedirectsFilter.php(32): Illuminate\Support\Facades\Facade::__callStatic('get', Array)
#27 /srv/projects/Task/app/services/Filters/RedirectsFilter.php(32): App\Services\Facades\SettingGetterFacade::get('redirects.rules')
#28 /srv/projects/Task/app/services/Filters/RedirectsFilter.php(12): App\Services\Filters\RedirectsFilter->getRuleList()
#29 [internal function]: App\Services\Filters\RedirectsFilter->filter(Object(Illuminate\Http\Request), NULL)
#30 /srv/projects/Task/vendor/laravel/framework/src/Illuminate/Events/Dispatcher.php(323): call_user_func_array(Array, Array)
#31 [internal function]: Illuminate\Events\Dispatcher->Illuminate\Events\{closure}(Object(Illuminate\Http\Request), NULL)
#32 /srv/projects/Task/vendor/laravel/framework/src/Illuminate/Events/Dispatcher.php(199): call_user_func_array(Object(Closure), Array)
#33 /srv/projects/Task/vendor/laravel/framework/src/Illuminate/Events/Dispatcher.php(154): Illuminate\Events\Dispatcher->fire('router.before', Array, true)
#34 /srv/projects/Task/vendor/laravel/framework/src/Illuminate/Routing/Router.php(1308): Illuminate\Events\Dispatcher->until('router.before', Array)
#35 /srv/projects/Task/vendor/laravel/framework/src/Illuminate/Routing/Router.php(997): Illuminate\Routing\Router->callFilter('before', Object(Illuminate\Http\Request))
#36 /srv/projects/Task/vendor/laravel/framework/src/Illuminate/Foundation/Application.php(781): Illuminate\Routing\Router->dispatch(Object(Illuminate\Http\Request))
#37 /srv/projects/Task/vendor/laravel/framework/src/Illuminate/Foundation/Application.php(745): Illuminate\Foundation\Application->dispatch(Object(Illuminate\Http\Request))
#38 /srv/projects/Task/vendor/barryvdh/laravel-debugbar/src/Middleware/Stack.php(34): Illuminate\Foundation\Application->handle(Object(Illuminate\Http\Request), 1, true)
#39 /srv/projects/Task/vendor/laravel/framework/src/Illuminate/Session/Middleware.php(72): Barryvdh\Debugbar\Middleware\Stack->handle(Object(Illuminate\Http\Request), 1, true)
#40 /srv/projects/Task/vendor/laravel/framework/src/Illuminate/Cookie/Queue.php(47): Illuminate\Session\Middleware->handle(Object(Illuminate\Http\Request), 1, true)
#41 /srv/projects/Task/vendor/laravel/framework/src/Illuminate/Cookie/Guard.php(51): Illuminate\Cookie\Queue->handle(Object(Illuminate\Http\Request), 1, true)
#42 /srv/projects/Task/vendor/stack/builder/src/Stack/StackedHttpKernel.php(23): Illuminate\Cookie\Guard->handle(Object(Illuminate\Http\Request), 1, true)
#43 /srv/projects/Task/vendor/laravel/framework/src/Illuminate/Foundation/Application.php(641): Stack\StackedHttpKernel->handle(Object(Illuminate\Http\Request))
#44 /srv/projects/Task/public/index.php(49): Illuminate\Foundation\Application->run()
#45 {main} [] []
[2023-02-02 17:39:33] local.ERROR: exception 'PDOException' with message 'SQLSTATE[HY000] [2002] Connection refused' in /srv/projects/Task/vendor/laravel/framework/src/Illuminate/Database/Connectors/Connector.php:47
Stack trace:
#0 /srv/projects/Task/vendor/laravel/framework/src/Illuminate/Database/Connectors/Connector.php(47): PDO->__construct('mysql:host=127....', 'root', '123456', Array)
#1 /srv/projects/Task/vendor/laravel/framework/src/Illuminate/Database/Connectors/MySqlConnector.php(20): Illuminate\Database\Connectors\Connector->createConnection('mysql:host=127....', Array, Array)
#2 /srv/projects/Task/vendor/laravel/framework/src/Illuminate/Database/Connectors/ConnectionFactory.php(57): Illuminate\Database\Connectors\MySqlConnector->connect(Array)
#3 /srv/projects/Task/vendor/laravel/framework/src/Illuminate/Database/Connectors/ConnectionFactory.php(46): Illuminate\Database\Connectors\ConnectionFactory->createSingleConnection(Array)
#4 /srv/projects/Task/vendor/laravel/framework/src/Illuminate/Database/DatabaseManager.php(176): Illuminate\Database\Connectors\ConnectionFactory->make(Array, 'mysql')
#5 /srv/projects/Task/vendor/laravel/framework/src/Illuminate/Database/DatabaseManager.php(64): Illuminate\Database\DatabaseManager->makeConnection('mysql')
#6 /srv/projects/Task/vendor/laravel/framework/src/Illuminate/Database/Eloquent/Model.php(2922): Illuminate\Database\DatabaseManager->connection(NULL)
#7 /srv/projects/Task/vendor/laravel/framework/src/Illuminate/Database/Eloquent/Model.php(2888): Illuminate\Database\Eloquent\Model::resolveConnection(NULL)
#8 /srv/projects/Task/vendor/laravel/framework/src/Illuminate/Database/Eloquent/Model.php(1849): Illuminate\Database\Eloquent\Model->getConnection()
#9 /srv/projects/Task/vendor/laravel/framework/src/Illuminate/Database/Eloquent/Model.php(1790): Illuminate\Database\Eloquent\Model->newBaseQueryBuilder()
#10 /srv/projects/Task/vendor/laravel/framework/src/Illuminate/Database/Eloquent/Model.php(1764): Illuminate\Database\Eloquent\Model->newQueryWithoutScopes()
#11 /srv/projects/Task/vendor/laravel/framework/src/Illuminate/Database/Eloquent/Model.php(640): Illuminate\Database\Eloquent\Model->newQuery()
#12 /srv/projects/Task/app/services/Settings/SettingGetter.php(23): Illuminate\Database\Eloquent\Model::all()
#13 [internal function]: App\Services\Settings\SettingGetter->__construct(Object(App\Services\Settings\SettingContainer), Object(App\Models\Setting))
#14 /srv/projects/Task/vendor/laravel/framework/src/Illuminate/Container/Container.php(539): ReflectionClass->newInstanceArgs(Array)
#15 /srv/projects/Task/vendor/laravel/framework/src/Illuminate/Container/Container.php(428): Illuminate\Container\Container->build('App\\Services\\Se...', Array)
#16 /srv/projects/Task/vendor/laravel/framework/src/Illuminate/Foundation/Application.php(462): Illuminate\Container\Container->make('App\\Services\\Se...', Array)
#17 /srv/projects/Task/app/services/Providers/SettingsServiceProvider.php(328): Illuminate\Foundation\Application->make('App\\Services\\Se...')
#18 /srv/projects/Task/vendor/laravel/framework/src/Illuminate/Container/Container.php(214): App\Services\Providers\SettingsServiceProvider->App\Services\Providers\{closure}(Object(Illuminate\Foundation\Application))
#19 /srv/projects/Task/vendor/laravel/framework/src/Illuminate/Container/Container.php(501): Illuminate\Container\Container->Illuminate\Container\{closure}(Object(Illuminate\Foundation\Application), Array)
#20 /srv/projects/Task/vendor/laravel/framework/src/Illuminate/Container/Container.php(428): Illuminate\Container\Container->build(Object(Closure), Array)
#21 /srv/projects/Task/vendor/laravel/framework/src/Illuminate/Foundation/Application.php(462): Illuminate\Container\Container->make('setting_getter', Array)
#22 /srv/projects/Task/vendor/laravel/framework/src/Illuminate/Container/Container.php(806): Illuminate\Foundation\Application->make('setting_getter')
#23 /srv/projects/Task/vendor/laravel/framework/src/Illuminate/Support/Facades/Facade.php(146): Illuminate\Container\Container->offsetGet('setting_getter')
#24 /srv/projects/Task/vendor/laravel/framework/src/Illuminate/Support/Facades/Facade.php(116): Illuminate\Support\Facades\Facade::resolveFacadeInstance('setting_getter')
#25 /srv/projects/Task/vendor/laravel/framework/src/Illuminate/Support/Facades/Facade.php(200): Illuminate\Support\Facades\Facade::getFacadeRoot()
#26 /srv/projects/Task/app/services/Filters/RedirectsFilter.php(32): Illuminate\Support\Facades\Facade::__callStatic('get', Array)
#27 /srv/projects/Task/app/services/Filters/RedirectsFilter.php(32): App\Services\Facades\SettingGetterFacade::get('redirects.rules')
#28 /srv/projects/Task/app/services/Filters/RedirectsFilter.php(12): App\Services\Filters\RedirectsFilter->getRuleList()
#29 [internal function]: App\Services\Filters\RedirectsFilter->filter(Object(Illuminate\Http\Request), NULL)
#30 /srv/projects/Task/vendor/laravel/framework/src/Illuminate/Events/Dispatcher.php(323): call_user_func_array(Array, Array)
#31 [internal function]: Illuminate\Events\Dispatcher->Illuminate\Events\{closure}(Object(Illuminate\Http\Request), NULL)
#32 /srv/projects/Task/vendor/laravel/framework/src/Illuminate/Events/Dispatcher.php(199): call_user_func_array(Object(Closure), Array)
#33 /srv/projects/Task/vendor/laravel/framework/src/Illuminate/Events/Dispatcher.php(154): Illuminate\Events\Dispatcher->fire('router.before', Array, true)
#34 /srv/projects/Task/vendor/laravel/framework/src/Illuminate/Routing/Router.php(1308): Illuminate\Events\Dispatcher->until('router.before', Array)
#35 /srv/projects/Task/vendor/laravel/framework/src/Illuminate/Routing/Router.php(997): Illuminate\Routing\Router->callFilter('before', Object(Illuminate\Http\Request))
#36 /srv/projects/Task/vendor/laravel/framework/src/Illuminate/Foundation/Application.php(781): Illuminate\Routing\Router->dispatch(Object(Illuminate\Http\Request))
#37 /srv/projects/Task/vendor/laravel/framework/src/Illuminate/Foundation/Application.php(745): Illuminate\Foundation\Application->dispatch(Object(Illuminate\Http\Request))
#38 /srv/projects/Task/vendor/barryvdh/laravel-debugbar/src/Middleware/Stack.php(34): Illuminate\Foundation\Application->handle(Object(Illuminate\Http\Request), 1, true)
#39 /srv/projects/Task/vendor/laravel/framework/src/Illuminate/Session/Middleware.php(72): Barryvdh\Debugbar\Middleware\Stack->handle(Object(Illuminate\Http\Request), 1, true)
#40 /srv/projects/Task/vendor/laravel/framework/src/Illuminate/Cookie/Queue.php(47): Illuminate\Session\Middleware->handle(Object(Illuminate\Http\Request), 1, true)
#41 /srv/projects/Task/vendor/laravel/framework/src/Illuminate/Cookie/Guard.php(51): Illuminate\Cookie\Queue->handle(Object(Illuminate\Http\Request), 1, true)
#42 /srv/projects/Task/vendor/stack/builder/src/Stack/StackedHttpKernel.php(23): Illuminate\Cookie\Guard->handle(Object(Illuminate\Http\Request), 1, true)
#43 /srv/projects/Task/vendor/laravel/framework/src/Illuminate/Foundation/Application.php(641): Stack\StackedHttpKernel->handle(Object(Illuminate\Http\Request))
#44 /srv/projects/Task/public/index.php(49): Illuminate\Foundation\Application->run()
#45 {main} [] []
[2023-02-02 17:39:33] local.ERROR: exception 'PDOException' with message 'SQLSTATE[HY000] [2002] Connection refused' in /srv/projects/Task/vendor/laravel/framework/src/Illuminate/Database/Connectors/Connector.php:47
Stack trace:
#0 /srv/projects/Task/vendor/laravel/framework/src/Illuminate/Database/Connectors/Connector.php(47): PDO->__construct('mysql:host=127....', 'root', '123456', Array)
#1 /srv/projects/Task/vendor/laravel/framework/src/Illuminate/Database/Connectors/MySqlConnector.php(20): Illuminate\Database\Connectors\Connector->createConnection('mysql:host=127....', Array, Array)
#2 /srv/projects/Task/vendor/laravel/framework/src/Illuminate/Database/Connectors/ConnectionFactory.php(57): Illuminate\Database\Connectors\MySqlConnector->connect(Array)
#3 /srv/projects/Task/vendor/laravel/framework/src/Illuminate/Database/Connectors/ConnectionFactory.php(46): Illuminate\Database\Connectors\ConnectionFactory->createSingleConnection(Array)
#4 /srv/projects/Task/vendor/laravel/framework/src/Illuminate/Database/DatabaseManager.php(176): Illuminate\Database\Connectors\ConnectionFactory->make(Array, 'mysql')
#5 /srv/projects/Task/vendor/laravel/framework/src/Illuminate/Database/DatabaseManager.php(64): Illuminate\Database\DatabaseManager->makeConnection('mysql')
#6 /srv/projects/Task/vendor/laravel/framework/src/Illuminate/Database/Eloquent/Model.php(2922): Illuminate\Database\DatabaseManager->connection(NULL)
#7 /srv/projects/Task/vendor/laravel/framework/src/Illuminate/Database/Eloquent/Model.php(2888): Illuminate\Database\Eloquent\Model::resolveConnection(NULL)
#8 /srv/projects/Task/vendor/laravel/framework/src/Illuminate/Database/Eloquent/Model.php(1849): Illuminate\Database\Eloquent\Model->getConnection()
#9 /srv/projects/Task/vendor/laravel/framework/src/Illuminate/Database/Eloquent/Model.php(1790): Illuminate\Database\Eloquent\Model->newBaseQueryBuilder()
#10 /srv/projects/Task/vendor/laravel/framework/src/Illuminate/Database/Eloquent/Model.php(1764): Illuminate\Database\Eloquent\Model->newQueryWithoutScopes()
#11 /srv/projects/Task/vendor/laravel/framework/src/Illuminate/Database/Eloquent/Model.php(640): Illuminate\Database\Eloquent\Model->newQuery()
#12 /srv/projects/Task/app/services/Settings/SettingGetter.php(23): Illuminate\Database\Eloquent\Model::all()
#13 [internal function]: App\Services\Settings\SettingGetter->__construct(Object(App\Services\Settings\SettingContainer), Object(App\Models\Setting))
#14 /srv/projects/Task/vendor/laravel/framework/src/Illuminate/Container/Container.php(539): ReflectionClass->newInstanceArgs(Array)
#15 /srv/projects/Task/vendor/laravel/framework/src/Illuminate/Container/Container.php(428): Illuminate\Container\Container->build('App\\Services\\Se...', Array)
#16 /srv/projects/Task/vendor/laravel/framework/src/Illuminate/Foundation/Application.php(462): Illuminate\Container\Container->make('App\\Services\\Se...', Array)
#17 /srv/projects/Task/app/services/Providers/SettingsServiceProvider.php(328): Illuminate\Foundation\Application->make('App\\Services\\Se...')
#18 /srv/projects/Task/vendor/laravel/framework/src/Illuminate/Container/Container.php(214): App\Services\Providers\SettingsServiceProvider->App\Services\Providers\{closure}(Object(Illuminate\Foundation\Application))
#19 /srv/projects/Task/vendor/laravel/framework/src/Illuminate/Container/Container.php(501): Illuminate\Container\Container->Illuminate\Container\{closure}(Object(Illuminate\Foundation\Application), Array)
#20 /srv/projects/Task/vendor/laravel/framework/src/Illuminate/Container/Container.php(428): Illuminate\Container\Container->build(Object(Closure), Array)
#21 /srv/projects/Task/vendor/laravel/framework/src/Illuminate/Foundation/Application.php(462): Illuminate\Container\Container->make('setting_getter', Array)
#22 /srv/projects/Task/vendor/laravel/framework/src/Illuminate/Container/Container.php(806): Illuminate\Foundation\Application->make('setting_getter')
#23 /srv/projects/Task/vendor/laravel/framework/src/Illuminate/Support/Facades/Facade.php(146): Illuminate\Container\Container->offsetGet('setting_getter')
#24 /srv/projects/Task/vendor/laravel/framework/src/Illuminate/Support/Facades/Facade.php(116): Illuminate\Support\Facades\Facade::resolveFacadeInstance('setting_getter')
#25 /srv/projects/Task/vendor/laravel/framework/src/Illuminate/Support/Facades/Facade.php(200): Illuminate\Support\Facades\Facade::getFacadeRoot()
#26 /srv/projects/Task/app/services/Filters/RedirectsFilter.php(32): Illuminate\Support\Facades\Facade::__callStatic('get', Array)
#27 /srv/projects/Task/app/services/Filters/RedirectsFilter.php(32): App\Services\Facades\SettingGetterFacade::get('redirects.rules')
#28 /srv/projects/Task/app/services/Filters/RedirectsFilter.php(12): App\Services\Filters\RedirectsFilter->getRuleList()
#29 [internal function]: App\Services\Filters\RedirectsFilter->filter(Object(Illuminate\Http\Request), NULL)
#30 /srv/projects/Task/vendor/laravel/framework/src/Illuminate/Events/Dispatcher.php(323): call_user_func_array(Array, Array)
#31 [internal function]: Illuminate\Events\Dispatcher->Illuminate\Events\{closure}(Object(Illuminate\Http\Request), NULL)
#32 /srv/projects/Task/vendor/laravel/framework/src/Illuminate/Events/Dispatcher.php(199): call_user_func_array(Object(Closure), Array)
#33 /srv/projects/Task/vendor/laravel/framework/src/Illuminate/Events/Dispatcher.php(154): Illuminate\Events\Dispatcher->fire('router.before', Array, true)
#34 /srv/projects/Task/vendor/laravel/framework/src/Illuminate/Routing/Router.php(1308): Illuminate\Events\Dispatcher->until('router.before', Array)
#35 /srv/projects/Task/vendor/laravel/framework/src/Illuminate/Routing/Router.php(997): Illuminate\Routing\Router->callFilter('before', Object(Illuminate\Http\Request))
#36 /srv/projects/Task/vendor/laravel/framework/src/Illuminate/Foundation/Application.php(781): Illuminate\Routing\Router->dispatch(Object(Illuminate\Http\Request))
#37 /srv/projects/Task/vendor/laravel/framework/src/Illuminate/Foundation/Application.php(745): Illuminate\Foundation\Application->dispatch(Object(Illuminate\Http\Request))
#38 /srv/projects/Task/vendor/barryvdh/laravel-debugbar/src/Middleware/Stack.php(34): Illuminate\Foundation\Application->handle(Object(Illuminate\Http\Request), 1, true)
#39 /srv/projects/Task/vendor/laravel/framework/src/Illuminate/Session/Middleware.php(72): Barryvdh\Debugbar\Middleware\Stack->handle(Object(Illuminate\Http\Request), 1, true)
#40 /srv/projects/Task/vendor/laravel/framework/src/Illuminate/Cookie/Queue.php(47): Illuminate\Session\Middleware->handle(Object(Illuminate\Http\Request), 1, true)
#41 /srv/projects/Task/vendor/laravel/framework/src/Illuminate/Cookie/Guard.php(51): Illuminate\Cookie\Queue->handle(Object(Illuminate\Http\Request), 1, true)
#42 /srv/projects/Task/vendor/stack/builder/src/Stack/StackedHttpKernel.php(23): Illuminate\Cookie\Guard->handle(Object(Illuminate\Http\Request), 1, true)
#43 /srv/projects/Task/vendor/laravel/framework/src/Illuminate/Foundation/Application.php(641): Stack\StackedHttpKernel->handle(Object(Illuminate\Http\Request))
#44 /srv/projects/Task/public/index.php(49): Illuminate\Foundation\Application->run()
#45 {main} [] []
[2023-02-02 17:52:32] local.ERROR: exception 'PDOException' with message 'SQLSTATE[HY000] [2002] Connection refused' in /srv/projects/Task/vendor/laravel/framework/src/Illuminate/Database/Connectors/Connector.php:47
Stack trace:
#0 /srv/projects/Task/vendor/laravel/framework/src/Illuminate/Database/Connectors/Connector.php(47): PDO->__construct('mysql:host=127....', 'root', 'root', Array)
#1 /srv/projects/Task/vendor/laravel/framework/src/Illuminate/Database/Connectors/MySqlConnector.php(20): Illuminate\Database\Connectors\Connector->createConnection('mysql:host=127....', Array, Array)
#2 /srv/projects/Task/vendor/laravel/framework/src/Illuminate/Database/Connectors/ConnectionFactory.php(57): Illuminate\Database\Connectors\MySqlConnector->connect(Array)
#3 /srv/projects/Task/vendor/laravel/framework/src/Illuminate/Database/Connectors/ConnectionFactory.php(46): Illuminate\Database\Connectors\ConnectionFactory->createSingleConnection(Array)
#4 /srv/projects/Task/vendor/laravel/framework/src/Illuminate/Database/DatabaseManager.php(176): Illuminate\Database\Connectors\ConnectionFactory->make(Array, 'mysql')
#5 /srv/projects/Task/vendor/laravel/framework/src/Illuminate/Database/DatabaseManager.php(64): Illuminate\Database\DatabaseManager->makeConnection('mysql')
#6 /srv/projects/Task/vendor/laravel/framework/src/Illuminate/Database/Eloquent/Model.php(2922): Illuminate\Database\DatabaseManager->connection(NULL)
#7 /srv/projects/Task/vendor/laravel/framework/src/Illuminate/Database/Eloquent/Model.php(2888): Illuminate\Database\Eloquent\Model::resolveConnection(NULL)
#8 /srv/projects/Task/vendor/laravel/framework/src/Illuminate/Database/Eloquent/Model.php(1849): Illuminate\Database\Eloquent\Model->getConnection()
#9 /srv/projects/Task/vendor/laravel/framework/src/Illuminate/Database/Eloquent/Model.php(1790): Illuminate\Database\Eloquent\Model->newBaseQueryBuilder()
#10 /srv/projects/Task/vendor/laravel/framework/src/Illuminate/Database/Eloquent/Model.php(1764): Illuminate\Database\Eloquent\Model->newQueryWithoutScopes()
#11 /srv/projects/Task/vendor/laravel/framework/src/Illuminate/Database/Eloquent/Model.php(640): Illuminate\Database\Eloquent\Model->newQuery()
#12 /srv/projects/Task/app/services/Settings/SettingGetter.php(23): Illuminate\Database\Eloquent\Model::all()
#13 [internal function]: App\Services\Settings\SettingGetter->__construct(Object(App\Services\Settings\SettingContainer), Object(App\Models\Setting))
#14 /srv/projects/Task/vendor/laravel/framework/src/Illuminate/Container/Container.php(539): ReflectionClass->newInstanceArgs(Array)
#15 /srv/projects/Task/vendor/laravel/framework/src/Illuminate/Container/Container.php(428): Illuminate\Container\Container->build('App\\Services\\Se...', Array)
#16 /srv/projects/Task/vendor/laravel/framework/src/Illuminate/Foundation/Application.php(462): Illuminate\Container\Container->make('App\\Services\\Se...', Array)
#17 /srv/projects/Task/app/services/Providers/SettingsServiceProvider.php(328): Illuminate\Foundation\Application->make('App\\Services\\Se...')
#18 /srv/projects/Task/vendor/laravel/framework/src/Illuminate/Container/Container.php(214): App\Services\Providers\SettingsServiceProvider->App\Services\Providers\{closure}(Object(Illuminate\Foundation\Application))
#19 /srv/projects/Task/vendor/laravel/framework/src/Illuminate/Container/Container.php(501): Illuminate\Container\Container->Illuminate\Container\{closure}(Object(Illuminate\Foundation\Application), Array)
#20 /srv/projects/Task/vendor/laravel/framework/src/Illuminate/Container/Container.php(428): Illuminate\Container\Container->build(Object(Closure), Array)
#21 /srv/projects/Task/vendor/laravel/framework/src/Illuminate/Foundation/Application.php(462): Illuminate\Container\Container->make('setting_getter', Array)
#22 /srv/projects/Task/vendor/laravel/framework/src/Illuminate/Container/Container.php(806): Illuminate\Foundation\Application->make('setting_getter')
#23 /srv/projects/Task/vendor/laravel/framework/src/Illuminate/Support/Facades/Facade.php(146): Illuminate\Container\Container->offsetGet('setting_getter')
#24 /srv/projects/Task/vendor/laravel/framework/src/Illuminate/Support/Facades/Facade.php(116): Illuminate\Support\Facades\Facade::resolveFacadeInstance('setting_getter')
#25 /srv/projects/Task/vendor/laravel/framework/src/Illuminate/Support/Facades/Facade.php(200): Illuminate\Support\Facades\Facade::getFacadeRoot()
#26 /srv/projects/Task/app/services/Filters/RedirectsFilter.php(32): Illuminate\Support\Facades\Facade::__callStatic('get', Array)
#27 /srv/projects/Task/app/services/Filters/RedirectsFilter.php(32): App\Services\Facades\SettingGetterFacade::get('redirects.rules')
#28 /srv/projects/Task/app/services/Filters/RedirectsFilter.php(12): App\Services\Filters\RedirectsFilter->getRuleList()
#29 [internal function]: App\Services\Filters\RedirectsFilter->filter(Object(Illuminate\Http\Request), NULL)
#30 /srv/projects/Task/vendor/laravel/framework/src/Illuminate/Events/Dispatcher.php(323): call_user_func_array(Array, Array)
#31 [internal function]: Illuminate\Events\Dispatcher->Illuminate\Events\{closure}(Object(Illuminate\Http\Request), NULL)
#32 /srv/projects/Task/vendor/laravel/framework/src/Illuminate/Events/Dispatcher.php(199): call_user_func_array(Object(Closure), Array)
#33 /srv/projects/Task/vendor/laravel/framework/src/Illuminate/Events/Dispatcher.php(154): Illuminate\Events\Dispatcher->fire('router.before', Array, true)
#34 /srv/projects/Task/vendor/laravel/framework/src/Illuminate/Routing/Router.php(1308): Illuminate\Events\Dispatcher->until('router.before', Array)
#35 /srv/projects/Task/vendor/laravel/framework/src/Illuminate/Routing/Router.php(997): Illuminate\Routing\Router->callFilter('before', Object(Illuminate\Http\Request))
#36 /srv/projects/Task/vendor/laravel/framework/src/Illuminate/Foundation/Application.php(781): Illuminate\Routing\Router->dispatch(Object(Illuminate\Http\Request))
#37 /srv/projects/Task/vendor/laravel/framework/src/Illuminate/Foundation/Application.php(745): Illuminate\Foundation\Application->dispatch(Object(Illuminate\Http\Request))
#38 /srv/projects/Task/vendor/barryvdh/laravel-debugbar/src/Middleware/Stack.php(34): Illuminate\Foundation\Application->handle(Object(Illuminate\Http\Request), 1, true)
#39 /srv/projects/Task/vendor/laravel/framework/src/Illuminate/Session/Middleware.php(72): Barryvdh\Debugbar\Middleware\Stack->handle(Object(Illuminate\Http\Request), 1, true)
#40 /srv/projects/Task/vendor/laravel/framework/src/Illuminate/Cookie/Queue.php(47): Illuminate\Session\Middleware->handle(Object(Illuminate\Http\Request), 1, true)
#41 /srv/projects/Task/vendor/laravel/framework/src/Illuminate/Cookie/Guard.php(51): Illuminate\Cookie\Queue->handle(Object(Illuminate\Http\Request), 1, true)
#42 /srv/projects/Task/vendor/stack/builder/src/Stack/StackedHttpKernel.php(23): Illuminate\Cookie\Guard->handle(Object(Illuminate\Http\Request), 1, true)
#43 /srv/projects/Task/vendor/laravel/framework/src/Illuminate/Foundation/Application.php(641): Stack\StackedHttpKernel->handle(Object(Illuminate\Http\Request))
#44 /srv/projects/Task/public/index.php(49): Illuminate\Foundation\Application->run()
#45 {main} [] []
[2023-02-02 17:52:35] local.ERROR: exception 'PDOException' with message 'SQLSTATE[HY000] [2002] Connection refused' in /srv/projects/Task/vendor/laravel/framework/src/Illuminate/Database/Connectors/Connector.php:47
Stack trace:
#0 /srv/projects/Task/vendor/laravel/framework/src/Illuminate/Database/Connectors/Connector.php(47): PDO->__construct('mysql:host=127....', 'root', 'root', Array)
#1 /srv/projects/Task/vendor/laravel/framework/src/Illuminate/Database/Connectors/MySqlConnector.php(20): Illuminate\Database\Connectors\Connector->createConnection('mysql:host=127....', Array, Array)
#2 /srv/projects/Task/vendor/laravel/framework/src/Illuminate/Database/Connectors/ConnectionFactory.php(57): Illuminate\Database\Connectors\MySqlConnector->connect(Array)
#3 /srv/projects/Task/vendor/laravel/framework/src/Illuminate/Database/Connectors/ConnectionFactory.php(46): Illuminate\Database\Connectors\ConnectionFactory->createSingleConnection(Array)
#4 /srv/projects/Task/vendor/laravel/framework/src/Illuminate/Database/DatabaseManager.php(176): Illuminate\Database\Connectors\ConnectionFactory->make(Array, 'mysql')
#5 /srv/projects/Task/vendor/laravel/framework/src/Illuminate/Database/DatabaseManager.php(64): Illuminate\Database\DatabaseManager->makeConnection('mysql')
#6 /srv/projects/Task/vendor/laravel/framework/src/Illuminate/Database/Eloquent/Model.php(2922): Illuminate\Database\DatabaseManager->connection(NULL)
#7 /srv/projects/Task/vendor/laravel/framework/src/Illuminate/Database/Eloquent/Model.php(2888): Illuminate\Database\Eloquent\Model::resolveConnection(NULL)
#8 /srv/projects/Task/vendor/laravel/framework/src/Illuminate/Database/Eloquent/Model.php(1849): Illuminate\Database\Eloquent\Model->getConnection()
#9 /srv/projects/Task/vendor/laravel/framework/src/Illuminate/Database/Eloquent/Model.php(1790): Illuminate\Database\Eloquent\Model->newBaseQueryBuilder()
#10 /srv/projects/Task/vendor/laravel/framework/src/Illuminate/Database/Eloquent/Model.php(1764): Illuminate\Database\Eloquent\Model->newQueryWithoutScopes()
#11 /srv/projects/Task/vendor/laravel/framework/src/Illuminate/Database/Eloquent/Model.php(640): Illuminate\Database\Eloquent\Model->newQuery()
#12 /srv/projects/Task/app/services/Settings/SettingGetter.php(23): Illuminate\Database\Eloquent\Model::all()
#13 [internal function]: App\Services\Settings\SettingGetter->__construct(Object(App\Services\Settings\SettingContainer), Object(App\Models\Setting))
#14 /srv/projects/Task/vendor/laravel/framework/src/Illuminate/Container/Container.php(539): ReflectionClass->newInstanceArgs(Array)
#15 /srv/projects/Task/vendor/laravel/framework/src/Illuminate/Container/Container.php(428): Illuminate\Container\Container->build('App\\Services\\Se...', Array)
#16 /srv/projects/Task/vendor/laravel/framework/src/Illuminate/Foundation/Application.php(462): Illuminate\Container\Container->make('App\\Services\\Se...', Array)
#17 /srv/projects/Task/app/services/Providers/SettingsServiceProvider.php(328): Illuminate\Foundation\Application->make('App\\Services\\Se...')
#18 /srv/projects/Task/vendor/laravel/framework/src/Illuminate/Container/Container.php(214): App\Services\Providers\SettingsServiceProvider->App\Services\Providers\{closure}(Object(Illuminate\Foundation\Application))
#19 /srv/projects/Task/vendor/laravel/framework/src/Illuminate/Container/Container.php(501): Illuminate\Container\Container->Illuminate\Container\{closure}(Object(Illuminate\Foundation\Application), Array)
#20 /srv/projects/Task/vendor/laravel/framework/src/Illuminate/Container/Container.php(428): Illuminate\Container\Container->build(Object(Closure), Array)
#21 /srv/projects/Task/vendor/laravel/framework/src/Illuminate/Foundation/Application.php(462): Illuminate\Container\Container->make('setting_getter', Array)
#22 /srv/projects/Task/vendor/laravel/framework/src/Illuminate/Container/Container.php(806): Illuminate\Foundation\Application->make('setting_getter')
#23 /srv/projects/Task/vendor/laravel/framework/src/Illuminate/Support/Facades/Facade.php(146): Illuminate\Container\Container->offsetGet('setting_getter')
#24 /srv/projects/Task/vendor/laravel/framework/src/Illuminate/Support/Facades/Facade.php(116): Illuminate\Support\Facades\Facade::resolveFacadeInstance('setting_getter')
#25 /srv/projects/Task/vendor/laravel/framework/src/Illuminate/Support/Facades/Facade.php(200): Illuminate\Support\Facades\Facade::getFacadeRoot()
#26 /srv/projects/Task/app/services/Filters/RedirectsFilter.php(32): Illuminate\Support\Facades\Facade::__callStatic('get', Array)
#27 /srv/projects/Task/app/services/Filters/RedirectsFilter.php(32): App\Services\Facades\SettingGetterFacade::get('redirects.rules')
#28 /srv/projects/Task/app/services/Filters/RedirectsFilter.php(12): App\Services\Filters\RedirectsFilter->getRuleList()
#29 [internal function]: App\Services\Filters\RedirectsFilter->filter(Object(Illuminate\Http\Request), NULL)
#30 /srv/projects/Task/vendor/laravel/framework/src/Illuminate/Events/Dispatcher.php(323): call_user_func_array(Array, Array)
#31 [internal function]: Illuminate\Events\Dispatcher->Illuminate\Events\{closure}(Object(Illuminate\Http\Request), NULL)
#32 /srv/projects/Task/vendor/laravel/framework/src/Illuminate/Events/Dispatcher.php(199): call_user_func_array(Object(Closure), Array)
#33 /srv/projects/Task/vendor/laravel/framework/src/Illuminate/Events/Dispatcher.php(154): Illuminate\Events\Dispatcher->fire('router.before', Array, true)
#34 /srv/projects/Task/vendor/laravel/framework/src/Illuminate/Routing/Router.php(1308): Illuminate\Events\Dispatcher->until('router.before', Array)
#35 /srv/projects/Task/vendor/laravel/framework/src/Illuminate/Routing/Router.php(997): Illuminate\Routing\Router->callFilter('before', Object(Illuminate\Http\Request))
#36 /srv/projects/Task/vendor/laravel/framework/src/Illuminate/Foundation/Application.php(781): Illuminate\Routing\Router->dispatch(Object(Illuminate\Http\Request))
#37 /srv/projects/Task/vendor/laravel/framework/src/Illuminate/Foundation/Application.php(745): Illuminate\Foundation\Application->dispatch(Object(Illuminate\Http\Request))
#38 /srv/projects/Task/vendor/barryvdh/laravel-debugbar/src/Middleware/Stack.php(34): Illuminate\Foundation\Application->handle(Object(Illuminate\Http\Request), 1, true)
#39 /srv/projects/Task/vendor/laravel/framework/src/Illuminate/Session/Middleware.php(72): Barryvdh\Debugbar\Middleware\Stack->handle(Object(Illuminate\Http\Request), 1, true)
#40 /srv/projects/Task/vendor/laravel/framework/src/Illuminate/Cookie/Queue.php(47): Illuminate\Session\Middleware->handle(Object(Illuminate\Http\Request), 1, true)
#41 /srv/projects/Task/vendor/laravel/framework/src/Illuminate/Cookie/Guard.php(51): Illuminate\Cookie\Queue->handle(Object(Illuminate\Http\Request), 1, true)
#42 /srv/projects/Task/vendor/stack/builder/src/Stack/StackedHttpKernel.php(23): Illuminate\Cookie\Guard->handle(Object(Illuminate\Http\Request), 1, true)
#43 /srv/projects/Task/vendor/laravel/framework/src/Illuminate/Foundation/Application.php(641): Stack\StackedHttpKernel->handle(Object(Illuminate\Http\Request))
#44 /srv/projects/Task/public/index.php(49): Illuminate\Foundation\Application->run()
#45 {main} [] []
[2023-02-02 17:52:35] local.ERROR: exception 'PDOException' with message 'SQLSTATE[HY000] [2002] Connection refused' in /srv/projects/Task/vendor/laravel/framework/src/Illuminate/Database/Connectors/Connector.php:47
Stack trace:
#0 /srv/projects/Task/vendor/laravel/framework/src/Illuminate/Database/Connectors/Connector.php(47): PDO->__construct('mysql:host=127....', 'root', 'root', Array)
#1 /srv/projects/Task/vendor/laravel/framework/src/Illuminate/Database/Connectors/MySqlConnector.php(20): Illuminate\Database\Connectors\Connector->createConnection('mysql:host=127....', Array, Array)
#2 /srv/projects/Task/vendor/laravel/framework/src/Illuminate/Database/Connectors/ConnectionFactory.php(57): Illuminate\Database\Connectors\MySqlConnector->connect(Array)
#3 /srv/projects/Task/vendor/laravel/framework/src/Illuminate/Database/Connectors/ConnectionFactory.php(46): Illuminate\Database\Connectors\ConnectionFactory->createSingleConnection(Array)
#4 /srv/projects/Task/vendor/laravel/framework/src/Illuminate/Database/DatabaseManager.php(176): Illuminate\Database\Connectors\ConnectionFactory->make(Array, 'mysql')
#5 /srv/projects/Task/vendor/laravel/framework/src/Illuminate/Database/DatabaseManager.php(64): Illuminate\Database\DatabaseManager->makeConnection('mysql')
#6 /srv/projects/Task/vendor/laravel/framework/src/Illuminate/Database/Eloquent/Model.php(2922): Illuminate\Database\DatabaseManager->connection(NULL)
#7 /srv/projects/Task/vendor/laravel/framework/src/Illuminate/Database/Eloquent/Model.php(2888): Illuminate\Database\Eloquent\Model::resolveConnection(NULL)
#8 /srv/projects/Task/vendor/laravel/framework/src/Illuminate/Database/Eloquent/Model.php(1849): Illuminate\Database\Eloquent\Model->getConnection()
#9 /srv/projects/Task/vendor/laravel/framework/src/Illuminate/Database/Eloquent/Model.php(1790): Illuminate\Database\Eloquent\Model->newBaseQueryBuilder()
#10 /srv/projects/Task/vendor/laravel/framework/src/Illuminate/Database/Eloquent/Model.php(1764): Illuminate\Database\Eloquent\Model->newQueryWithoutScopes()
#11 /srv/projects/Task/vendor/laravel/framework/src/Illuminate/Database/Eloquent/Model.php(640): Illuminate\Database\Eloquent\Model->newQuery()
#12 /srv/projects/Task/app/services/Settings/SettingGetter.php(23): Illuminate\Database\Eloquent\Model::all()
#13 [internal function]: App\Services\Settings\SettingGetter->__construct(Object(App\Services\Settings\SettingContainer), Object(App\Models\Setting))
#14 /srv/projects/Task/vendor/laravel/framework/src/Illuminate/Container/Container.php(539): ReflectionClass->newInstanceArgs(Array)
#15 /srv/projects/Task/vendor/laravel/framework/src/Illuminate/Container/Container.php(428): Illuminate\Container\Container->build('App\\Services\\Se...', Array)
#16 /srv/projects/Task/vendor/laravel/framework/src/Illuminate/Foundation/Application.php(462): Illuminate\Container\Container->make('App\\Services\\Se...', Array)
#17 /srv/projects/Task/app/services/Providers/SettingsServiceProvider.php(328): Illuminate\Foundation\Application->make('App\\Services\\Se...')
#18 /srv/projects/Task/vendor/laravel/framework/src/Illuminate/Container/Container.php(214): App\Services\Providers\SettingsServiceProvider->App\Services\Providers\{closure}(Object(Illuminate\Foundation\Application))
#19 /srv/projects/Task/vendor/laravel/framework/src/Illuminate/Container/Container.php(501): Illuminate\Container\Container->Illuminate\Container\{closure}(Object(Illuminate\Foundation\Application), Array)
#20 /srv/projects/Task/vendor/laravel/framework/src/Illuminate/Container/Container.php(428): Illuminate\Container\Container->build(Object(Closure), Array)
#21 /srv/projects/Task/vendor/laravel/framework/src/Illuminate/Foundation/Application.php(462): Illuminate\Container\Container->make('setting_getter', Array)
#22 /srv/projects/Task/vendor/laravel/framework/src/Illuminate/Container/Container.php(806): Illuminate\Foundation\Application->make('setting_getter')
#23 /srv/projects/Task/vendor/laravel/framework/src/Illuminate/Support/Facades/Facade.php(146): Illuminate\Container\Container->offsetGet('setting_getter')
#24 /srv/projects/Task/vendor/laravel/framework/src/Illuminate/Support/Facades/Facade.php(116): Illuminate\Support\Facades\Facade::resolveFacadeInstance('setting_getter')
#25 /srv/projects/Task/vendor/laravel/framework/src/Illuminate/Support/Facades/Facade.php(200): Illuminate\Support\Facades\Facade::getFacadeRoot()
#26 /srv/projects/Task/app/services/Filters/RedirectsFilter.php(32): Illuminate\Support\Facades\Facade::__callStatic('get', Array)
#27 /srv/projects/Task/app/services/Filters/RedirectsFilter.php(32): App\Services\Facades\SettingGetterFacade::get('redirects.rules')
#28 /srv/projects/Task/app/services/Filters/RedirectsFilter.php(12): App\Services\Filters\RedirectsFilter->getRuleList()
#29 [internal function]: App\Services\Filters\RedirectsFilter->filter(Object(Illuminate\Http\Request), NULL)
#30 /srv/projects/Task/vendor/laravel/framework/src/Illuminate/Events/Dispatcher.php(323): call_user_func_array(Array, Array)
#31 [internal function]: Illuminate\Events\Dispatcher->Illuminate\Events\{closure}(Object(Illuminate\Http\Request), NULL)
#32 /srv/projects/Task/vendor/laravel/framework/src/Illuminate/Events/Dispatcher.php(199): call_user_func_array(Object(Closure), Array)
#33 /srv/projects/Task/vendor/laravel/framework/src/Illuminate/Events/Dispatcher.php(154): Illuminate\Events\Dispatcher->fire('router.before', Array, true)
#34 /srv/projects/Task/vendor/laravel/framework/src/Illuminate/Routing/Router.php(1308): Illuminate\Events\Dispatcher->until('router.before', Array)
#35 /srv/projects/Task/vendor/laravel/framework/src/Illuminate/Routing/Router.php(997): Illuminate\Routing\Router->callFilter('before', Object(Illuminate\Http\Request))
#36 /srv/projects/Task/vendor/laravel/framework/src/Illuminate/Foundation/Application.php(781): Illuminate\Routing\Router->dispatch(Object(Illuminate\Http\Request))
#37 /srv/projects/Task/vendor/laravel/framework/src/Illuminate/Foundation/Application.php(745): Illuminate\Foundation\Application->dispatch(Object(Illuminate\Http\Request))
#38 /srv/projects/Task/vendor/barryvdh/laravel-debugbar/src/Middleware/Stack.php(34): Illuminate\Foundation\Application->handle(Object(Illuminate\Http\Request), 1, true)
#39 /srv/projects/Task/vendor/laravel/framework/src/Illuminate/Session/Middleware.php(72): Barryvdh\Debugbar\Middleware\Stack->handle(Object(Illuminate\Http\Request), 1, true)
#40 /srv/projects/Task/vendor/laravel/framework/src/Illuminate/Cookie/Queue.php(47): Illuminate\Session\Middleware->handle(Object(Illuminate\Http\Request), 1, true)
#41 /srv/projects/Task/vendor/laravel/framework/src/Illuminate/Cookie/Guard.php(51): Illuminate\Cookie\Queue->handle(Object(Illuminate\Http\Request), 1, true)
#42 /srv/projects/Task/vendor/stack/builder/src/Stack/StackedHttpKernel.php(23): Illuminate\Cookie\Guard->handle(Object(Illuminate\Http\Request), 1, true)
#43 /srv/projects/Task/vendor/laravel/framework/src/Illuminate/Foundation/Application.php(641): Stack\StackedHttpKernel->handle(Object(Illuminate\Http\Request))
#44 /srv/projects/Task/public/index.php(49): Illuminate\Foundation\Application->run()
#45 {main} [] []
[2023-02-02 17:56:39] local.ERROR: exception 'InvalidArgumentException' with message 'View [client.text_pages.page] not found.' in /srv/projects/Task/vendor/laravel/framework/src/Illuminate/View/FileViewFinder.php:146
Stack trace:
#0 /srv/projects/Task/vendor/laravel/framework/src/Illuminate/View/FileViewFinder.php(83): Illuminate\View\FileViewFinder->findInPaths('client.text_pag...', Array)
#1 /srv/projects/Task/vendor/laravel/framework/src/Illuminate/View/Factory.php(124): Illuminate\View\FileViewFinder->find('client.text_pag...')
#2 /srv/projects/Task/vendor/laravel/framework/src/Illuminate/Support/Facades/Facade.php(208): Illuminate\View\Factory->make('client.text_pag...')
#3 /srv/projects/Task/app/controllers/Client/DynamicPageController/TextPageSubController.php(22): Illuminate\Support\Facades\Facade::__callStatic('make', Array)
#4 /srv/projects/Task/app/controllers/Client/DynamicPageController/TextPageSubController.php(22): Illuminate\Support\Facades\View::make('client.text_pag...')
#5 /srv/projects/Task/app/controllers/Client/DynamicPageController.php(41): App\Controllers\Client\DynamicPageController\TextPageSubController->getTextPageResponse(Object(App\Models\Node), Object(App\Models\TextPage))
#6 [internal function]: App\Controllers\Client\DynamicPageController->getShow('about')
#7 /srv/projects/Task/vendor/laravel/framework/src/Illuminate/Routing/Controller.php(231): call_user_func_array(Array, Array)
#8 /srv/projects/Task/vendor/laravel/framework/src/Illuminate/Routing/ControllerDispatcher.php(93): Illuminate\Routing\Controller->callAction('getShow', Array)
#9 /srv/projects/Task/vendor/laravel/framework/src/Illuminate/Routing/ControllerDispatcher.php(62): Illuminate\Routing\ControllerDispatcher->call(Object(App\Controllers\Client\DynamicPageController), Object(Illuminate\Routing\Route), 'getShow')
#10 /srv/projects/Task/vendor/laravel/framework/src/Illuminate/Routing/Router.php(967): Illuminate\Routing\ControllerDispatcher->dispatch(Object(Illuminate\Routing\Route), Object(Illuminate\Http\Request), 'App\\Controllers...', 'getShow')
#11 [internal function]: Illuminate\Routing\Router->Illuminate\Routing\{closure}('about')
#12 /srv/projects/Task/vendor/laravel/framework/src/Illuminate/Routing/Route.php(109): call_user_func_array(Object(Closure), Array)
#13 /srv/projects/Task/vendor/laravel/framework/src/Illuminate/Routing/Router.php(1033): Illuminate\Routing\Route->run(Object(Illuminate\Http\Request))
#14 /srv/projects/Task/vendor/laravel/framework/src/Illuminate/Routing/Router.php(1001): Illuminate\Routing\Router->dispatchToRoute(Object(Illuminate\Http\Request))
#15 /srv/projects/Task/vendor/laravel/framework/src/Illuminate/Foundation/Application.php(781): Illuminate\Routing\Router->dispatch(Object(Illuminate\Http\Request))
#16 /srv/projects/Task/vendor/laravel/framework/src/Illuminate/Foundation/Application.php(745): Illuminate\Foundation\Application->dispatch(Object(Illuminate\Http\Request))
#17 /srv/projects/Task/vendor/barryvdh/laravel-debugbar/src/Middleware/Stack.php(34): Illuminate\Foundation\Application->handle(Object(Illuminate\Http\Request), 1, true)
#18 /srv/projects/Task/vendor/laravel/framework/src/Illuminate/Session/Middleware.php(72): Barryvdh\Debugbar\Middleware\Stack->handle(Object(Illuminate\Http\Request), 1, true)
#19 /srv/projects/Task/vendor/laravel/framework/src/Illuminate/Cookie/Queue.php(47): Illuminate\Session\Middleware->handle(Object(Illuminate\Http\Request), 1, true)
#20 /srv/projects/Task/vendor/laravel/framework/src/Illuminate/Cookie/Guard.php(51): Illuminate\Cookie\Queue->handle(Object(Illuminate\Http\Request), 1, true)
#21 /srv/projects/Task/vendor/stack/builder/src/Stack/StackedHttpKernel.php(23): Illuminate\Cookie\Guard->handle(Object(Illuminate\Http\Request), 1, true)
#22 /srv/projects/Task/vendor/laravel/framework/src/Illuminate/Foundation/Application.php(641): Stack\StackedHttpKernel->handle(Object(Illuminate\Http\Request))
#23 /srv/projects/Task/public/index.php(49): Illuminate\Foundation\Application->run()
#24 {main} [] []
[2023-02-02 17:57:51] local.ERROR: exception 'Symfony\Component\HttpKernel\Exception\NotFoundHttpException' with message 'Node not found by alias' in /srv/projects/Task/vendor/laravel/framework/src/Illuminate/Foundation/Application.php:915
Stack trace:
#0 /srv/projects/Task/vendor/laravel/framework/src/Illuminate/Support/Facades/Facade.php(211): Illuminate\Foundation\Application->abort(404, 'Node not found ...')
#1 /srv/projects/Task/app/controllers/Client/DynamicPageController.php(32): Illuminate\Support\Facades\Facade::__callStatic('abort', Array)
#2 /srv/projects/Task/app/controllers/Client/DynamicPageController.php(32): Illuminate\Support\Facades\App::abort(404, 'Node not found ...')
#3 [internal function]: App\Controllers\Client\DynamicPageController->getShow('shkafy-kupe/pri...')
#4 /srv/projects/Task/vendor/laravel/framework/src/Illuminate/Routing/Controller.php(231): call_user_func_array(Array, Array)
#5 /srv/projects/Task/vendor/laravel/framework/src/Illuminate/Routing/ControllerDispatcher.php(93): Illuminate\Routing\Controller->callAction('getShow', Array)
#6 /srv/projects/Task/vendor/laravel/framework/src/Illuminate/Routing/ControllerDispatcher.php(62): Illuminate\Routing\ControllerDispatcher->call(Object(App\Controllers\Client\DynamicPageController), Object(Illuminate\Routing\Route), 'getShow')
#7 /srv/projects/Task/vendor/laravel/framework/src/Illuminate/Routing/Router.php(967): Illuminate\Routing\ControllerDispatcher->dispatch(Object(Illuminate\Routing\Route), Object(Illuminate\Http\Request), 'App\\Controllers...', 'getShow')
#8 [internal function]: Illuminate\Routing\Router->Illuminate\Routing\{closure}('shkafy-kupe/pri...')
#9 /srv/projects/Task/vendor/laravel/framework/src/Illuminate/Routing/Route.php(109): call_user_func_array(Object(Closure), Array)
#10 /srv/projects/Task/vendor/laravel/framework/src/Illuminate/Routing/Router.php(1033): Illuminate\Routing\Route->run(Object(Illuminate\Http\Request))
#11 /srv/projects/Task/vendor/laravel/framework/src/Illuminate/Routing/Router.php(1001): Illuminate\Routing\Router->dispatchToRoute(Object(Illuminate\Http\Request))
#12 /srv/projects/Task/vendor/laravel/framework/src/Illuminate/Foundation/Application.php(781): Illuminate\Routing\Router->dispatch(Object(Illuminate\Http\Request))
#13 /srv/projects/Task/vendor/laravel/framework/src/Illuminate/Foundation/Application.php(745): Illuminate\Foundation\Application->dispatch(Object(Illuminate\Http\Request))
#14 /srv/projects/Task/vendor/barryvdh/laravel-debugbar/src/Middleware/Stack.php(34): Illuminate\Foundation\Application->handle(Object(Illuminate\Http\Request), 1, true)
#15 /srv/projects/Task/vendor/laravel/framework/src/Illuminate/Session/Middleware.php(72): Barryvdh\Debugbar\Middleware\Stack->handle(Object(Illuminate\Http\Request), 1, true)
#16 /srv/projects/Task/vendor/laravel/framework/src/Illuminate/Cookie/Queue.php(47): Illuminate\Session\Middleware->handle(Object(Illuminate\Http\Request), 1, true)
#17 /srv/projects/Task/vendor/laravel/framework/src/Illuminate/Cookie/Guard.php(51): Illuminate\Cookie\Queue->handle(Object(Illuminate\Http\Request), 1, true)
#18 /srv/projects/Task/vendor/stack/builder/src/Stack/StackedHttpKernel.php(23): Illuminate\Cookie\Guard->handle(Object(Illuminate\Http\Request), 1, true)
#19 /srv/projects/Task/vendor/laravel/framework/src/Illuminate/Foundation/Application.php(641): Stack\StackedHttpKernel->handle(Object(Illuminate\Http\Request))
#20 /srv/projects/Task/public/index.php(49): Illuminate\Foundation\Application->run()
#21 {main} [] []
