[2023-05-13 22:38:35] local.ERROR: exception 'Symfony\Component\HttpKernel\Exception\NotFoundHttpException' with message 'Node not found by alias' in /srv/projects/Task/vendor/laravel/framework/src/Illuminate/Foundation/Application.php:915
Stack trace:
#0 /srv/projects/Task/vendor/laravel/framework/src/Illuminate/Support/Facades/Facade.php(211): Illuminate\Foundation\Application->abort(404, 'Node not found ...')
#1 /srv/projects/Task/app/controllers/Client/DynamicPageController.php(32): Illuminate\Support\Facades\Facade::__callStatic('abort', Array)
#2 /srv/projects/Task/app/controllers/Client/DynamicPageController.php(32): Illuminate\Support\Facades\App::abort(404, 'Node not found ...')
#3 [internal function]: App\Controllers\Client\DynamicPageController->getShow('about_c')
#4 /srv/projects/Task/vendor/laravel/framework/src/Illuminate/Routing/Controller.php(231): call_user_func_array(Array, Array)
#5 /srv/projects/Task/vendor/laravel/framework/src/Illuminate/Routing/ControllerDispatcher.php(93): Illuminate\Routing\Controller->callAction('getShow', Array)
#6 /srv/projects/Task/vendor/laravel/framework/src/Illuminate/Routing/ControllerDispatcher.php(62): Illuminate\Routing\ControllerDispatcher->call(Object(App\Controllers\Client\DynamicPageController), Object(Illuminate\Routing\Route), 'getShow')
#7 /srv/projects/Task/vendor/laravel/framework/src/Illuminate/Routing/Router.php(967): Illuminate\Routing\ControllerDispatcher->dispatch(Object(Illuminate\Routing\Route), Object(Illuminate\Http\Request), 'App\\Controllers...', 'getShow')
#8 [internal function]: Illuminate\Routing\Router->Illuminate\Routing\{closure}('about_c')
#9 /srv/projects/Task/vendor/laravel/framework/src/Illuminate/Routing/Route.php(109): call_user_func_array(Object(Closure), Array)
#10 /srv/projects/Task/vendor/laravel/framework/src/Illuminate/Routing/Router.php(1033): Illuminate\Routing\Route->run(Object(Illuminate\Http\Request))
#11 /srv/projects/Task/vendor/laravel/framework/src/Illuminate/Routing/Router.php(1001): Illuminate\Routing\Router->dispatchToRoute(Object(Illuminate\Http\Request))
#12 /srv/projects/Task/vendor/laravel/framework/src/Illuminate/Foundation/Application.php(781): Illuminate\Routing\Router->dispatch(Object(Illuminate\Http\Request))
#13 /srv/projects/Task/vendor/laravel/framework/src/Illuminate/Foundation/Application.php(745): Illuminate\Foundation\Application->dispatch(Object(Illuminate\Http\Request))
#14 /srv/projects/Task/vendor/barryvdh/laravel-debugbar/src/Middleware/Stack.php(34): Illuminate\Foundation\Application->handle(Object(Illuminate\Http\Request), 1, true)
#15 /srv/projects/Task/vendor/laravel/framework/src/Illuminate/Session/Middleware.php(72): Barryvdh\Debugbar\Middleware\Stack->handle(Object(Illuminate\Http\Request), 1, true)
#16 /srv/projects/Task/vendor/laravel/framework/src/Illuminate/Cookie/Queue.php(47): Illuminate\Session\Middleware->handle(Object(Illuminate\Http\Request), 1, true)
#17 /srv/projects/Task/vendor/laravel/framework/src/Illuminate/Cookie/Guard.php(51): Illuminate\Cookie\Queue->handle(Object(Illuminate\Http\Request), 1, true)
#18 /srv/projects/Task/vendor/stack/builder/src/Stack/StackedHttpKernel.php(23): Illuminate\Cookie\Guard->handle(Object(Illuminate\Http\Request), 1, true)
#19 /srv/projects/Task/vendor/laravel/framework/src/Illuminate/Foundation/Application.php(641): Stack\StackedHttpKernel->handle(Object(Illuminate\Http\Request))
#20 /srv/projects/Task/public/index.php(49): Illuminate\Foundation\Application->run()
#21 {main} [] []
[2023-05-13 22:38:48] local.ERROR: exception 'InvalidArgumentException' with message 'View [client.text_pages.page] not found.' in /srv/projects/Task/vendor/laravel/framework/src/Illuminate/View/FileViewFinder.php:146
Stack trace:
#0 /srv/projects/Task/vendor/laravel/framework/src/Illuminate/View/FileViewFinder.php(83): Illuminate\View\FileViewFinder->findInPaths('client.text_pag...', Array)
#1 /srv/projects/Task/vendor/laravel/framework/src/Illuminate/View/Factory.php(124): Illuminate\View\FileViewFinder->find('client.text_pag...')
#2 /srv/projects/Task/vendor/laravel/framework/src/Illuminate/Support/Facades/Facade.php(208): Illuminate\View\Factory->make('client.text_pag...')
#3 /srv/projects/Task/app/controllers/Client/DynamicPageController/TextPageSubController.php(22): Illuminate\Support\Facades\Facade::__callStatic('make', Array)
#4 /srv/projects/Task/app/controllers/Client/DynamicPageController/TextPageSubController.php(22): Illuminate\Support\Facades\View::make('client.text_pag...')
#5 /srv/projects/Task/app/controllers/Client/DynamicPageController.php(41): App\Controllers\Client\DynamicPageController\TextPageSubController->getTextPageResponse(Object(App\Models\Node), Object(App\Models\TextPage))
#6 [internal function]: App\Controllers\Client\DynamicPageController->getShow('about/about_c')
#7 /srv/projects/Task/vendor/laravel/framework/src/Illuminate/Routing/Controller.php(231): call_user_func_array(Array, Array)
#8 /srv/projects/Task/vendor/laravel/framework/src/Illuminate/Routing/ControllerDispatcher.php(93): Illuminate\Routing\Controller->callAction('getShow', Array)
#9 /srv/projects/Task/vendor/laravel/framework/src/Illuminate/Routing/ControllerDispatcher.php(62): Illuminate\Routing\ControllerDispatcher->call(Object(App\Controllers\Client\DynamicPageController), Object(Illuminate\Routing\Route), 'getShow')
#10 /srv/projects/Task/vendor/laravel/framework/src/Illuminate/Routing/Router.php(967): Illuminate\Routing\ControllerDispatcher->dispatch(Object(Illuminate\Routing\Route), Object(Illuminate\Http\Request), 'App\\Controllers...', 'getShow')
#11 [internal function]: Illuminate\Routing\Router->Illuminate\Routing\{closure}('about/about_c')
#12 /srv/projects/Task/vendor/laravel/framework/src/Illuminate/Routing/Route.php(109): call_user_func_array(Object(Closure), Array)
#13 /srv/projects/Task/vendor/laravel/framework/src/Illuminate/Routing/Router.php(1033): Illuminate\Routing\Route->run(Object(Illuminate\Http\Request))
#14 /srv/projects/Task/vendor/laravel/framework/src/Illuminate/Routing/Router.php(1001): Illuminate\Routing\Router->dispatchToRoute(Object(Illuminate\Http\Request))
#15 /srv/projects/Task/vendor/laravel/framework/src/Illuminate/Foundation/Application.php(781): Illuminate\Routing\Router->dispatch(Object(Illuminate\Http\Request))
#16 /srv/projects/Task/vendor/laravel/framework/src/Illuminate/Foundation/Application.php(745): Illuminate\Foundation\Application->dispatch(Object(Illuminate\Http\Request))
#17 /srv/projects/Task/vendor/barryvdh/laravel-debugbar/src/Middleware/Stack.php(34): Illuminate\Foundation\Application->handle(Object(Illuminate\Http\Request), 1, true)
#18 /srv/projects/Task/vendor/laravel/framework/src/Illuminate/Session/Middleware.php(72): Barryvdh\Debugbar\Middleware\Stack->handle(Object(Illuminate\Http\Request), 1, true)
#19 /srv/projects/Task/vendor/laravel/framework/src/Illuminate/Cookie/Queue.php(47): Illuminate\Session\Middleware->handle(Object(Illuminate\Http\Request), 1, true)
#20 /srv/projects/Task/vendor/laravel/framework/src/Illuminate/Cookie/Guard.php(51): Illuminate\Cookie\Queue->handle(Object(Illuminate\Http\Request), 1, true)
#21 /srv/projects/Task/vendor/stack/builder/src/Stack/StackedHttpKernel.php(23): Illuminate\Cookie\Guard->handle(Object(Illuminate\Http\Request), 1, true)
#22 /srv/projects/Task/vendor/laravel/framework/src/Illuminate/Foundation/Application.php(641): Stack\StackedHttpKernel->handle(Object(Illuminate\Http\Request))
#23 /srv/projects/Task/public/index.php(49): Illuminate\Foundation\Application->run()
#24 {main} [] []
[2023-05-13 22:39:15] local.ERROR: exception 'InvalidArgumentException' with message 'View [client.text_pages.page] not found.' in /srv/projects/Task/vendor/laravel/framework/src/Illuminate/View/FileViewFinder.php:146
Stack trace:
#0 /srv/projects/Task/vendor/laravel/framework/src/Illuminate/View/FileViewFinder.php(83): Illuminate\View\FileViewFinder->findInPaths('client.text_pag...', Array)
#1 /srv/projects/Task/vendor/laravel/framework/src/Illuminate/View/Factory.php(124): Illuminate\View\FileViewFinder->find('client.text_pag...')
#2 /srv/projects/Task/vendor/laravel/framework/src/Illuminate/Support/Facades/Facade.php(208): Illuminate\View\Factory->make('client.text_pag...')
#3 /srv/projects/Task/app/controllers/Client/DynamicPageController/TextPageSubController.php(22): Illuminate\Support\Facades\Facade::__callStatic('make', Array)
#4 /srv/projects/Task/app/controllers/Client/DynamicPageController/TextPageSubController.php(22): Illuminate\Support\Facades\View::make('client.text_pag...')
#5 /srv/projects/Task/app/controllers/Client/DynamicPageController.php(41): App\Controllers\Client\DynamicPageController\TextPageSubController->getTextPageResponse(Object(App\Models\Node), Object(App\Models\TextPage))
#6 [internal function]: App\Controllers\Client\DynamicPageController->getShow('about')
#7 /srv/projects/Task/vendor/laravel/framework/src/Illuminate/Routing/Controller.php(231): call_user_func_array(Array, Array)
#8 /srv/projects/Task/vendor/laravel/framework/src/Illuminate/Routing/ControllerDispatcher.php(93): Illuminate\Routing\Controller->callAction('getShow', Array)
#9 /srv/projects/Task/vendor/laravel/framework/src/Illuminate/Routing/ControllerDispatcher.php(62): Illuminate\Routing\ControllerDispatcher->call(Object(App\Controllers\Client\DynamicPageController), Object(Illuminate\Routing\Route), 'getShow')
#10 /srv/projects/Task/vendor/laravel/framework/src/Illuminate/Routing/Router.php(967): Illuminate\Routing\ControllerDispatcher->dispatch(Object(Illuminate\Routing\Route), Object(Illuminate\Http\Request), 'App\\Controllers...', 'getShow')
#11 [internal function]: Illuminate\Routing\Router->Illuminate\Routing\{closure}('about')
#12 /srv/projects/Task/vendor/laravel/framework/src/Illuminate/Routing/Route.php(109): call_user_func_array(Object(Closure), Array)
#13 /srv/projects/Task/vendor/laravel/framework/src/Illuminate/Routing/Router.php(1033): Illuminate\Routing\Route->run(Object(Illuminate\Http\Request))
#14 /srv/projects/Task/vendor/laravel/framework/src/Illuminate/Routing/Router.php(1001): Illuminate\Routing\Router->dispatchToRoute(Object(Illuminate\Http\Request))
#15 /srv/projects/Task/vendor/laravel/framework/src/Illuminate/Foundation/Application.php(781): Illuminate\Routing\Router->dispatch(Object(Illuminate\Http\Request))
#16 /srv/projects/Task/vendor/laravel/framework/src/Illuminate/Foundation/Application.php(745): Illuminate\Foundation\Application->dispatch(Object(Illuminate\Http\Request))
#17 /srv/projects/Task/vendor/barryvdh/laravel-debugbar/src/Middleware/Stack.php(34): Illuminate\Foundation\Application->handle(Object(Illuminate\Http\Request), 1, true)
#18 /srv/projects/Task/vendor/laravel/framework/src/Illuminate/Session/Middleware.php(72): Barryvdh\Debugbar\Middleware\Stack->handle(Object(Illuminate\Http\Request), 1, true)
#19 /srv/projects/Task/vendor/laravel/framework/src/Illuminate/Cookie/Queue.php(47): Illuminate\Session\Middleware->handle(Object(Illuminate\Http\Request), 1, true)
#20 /srv/projects/Task/vendor/laravel/framework/src/Illuminate/Cookie/Guard.php(51): Illuminate\Cookie\Queue->handle(Object(Illuminate\Http\Request), 1, true)
#21 /srv/projects/Task/vendor/stack/builder/src/Stack/StackedHttpKernel.php(23): Illuminate\Cookie\Guard->handle(Object(Illuminate\Http\Request), 1, true)
#22 /srv/projects/Task/vendor/laravel/framework/src/Illuminate/Foundation/Application.php(641): Stack\StackedHttpKernel->handle(Object(Illuminate\Http\Request))
#23 /srv/projects/Task/public/index.php(49): Illuminate\Foundation\Application->run()
#24 {main} [] []
[2023-05-13 22:44:59] local.ERROR: exception 'InvalidArgumentException' with message 'View [client.text_pages.page] not found.' in /srv/projects/Task/vendor/laravel/framework/src/Illuminate/View/FileViewFinder.php:146
Stack trace:
#0 /srv/projects/Task/vendor/laravel/framework/src/Illuminate/View/FileViewFinder.php(83): Illuminate\View\FileViewFinder->findInPaths('client.text_pag...', Array)
#1 /srv/projects/Task/vendor/laravel/framework/src/Illuminate/View/Factory.php(124): Illuminate\View\FileViewFinder->find('client.text_pag...')
#2 /srv/projects/Task/vendor/laravel/framework/src/Illuminate/Support/Facades/Facade.php(208): Illuminate\View\Factory->make('client.text_pag...')
#3 /srv/projects/Task/app/controllers/Client/DynamicPageController/TextPageSubController.php(22): Illuminate\Support\Facades\Facade::__callStatic('make', Array)
#4 /srv/projects/Task/app/controllers/Client/DynamicPageController/TextPageSubController.php(22): Illuminate\Support\Facades\View::make('client.text_pag...')
#5 /srv/projects/Task/app/controllers/Client/DynamicPageController.php(41): App\Controllers\Client\DynamicPageController\TextPageSubController->getTextPageResponse(Object(App\Models\Node), Object(App\Models\TextPage))
#6 [internal function]: App\Controllers\Client\DynamicPageController->getShow('about/about_c')
#7 /srv/projects/Task/vendor/laravel/framework/src/Illuminate/Routing/Controller.php(231): call_user_func_array(Array, Array)
#8 /srv/projects/Task/vendor/laravel/framework/src/Illuminate/Routing/ControllerDispatcher.php(93): Illuminate\Routing\Controller->callAction('getShow', Array)
#9 /srv/projects/Task/vendor/laravel/framework/src/Illuminate/Routing/ControllerDispatcher.php(62): Illuminate\Routing\ControllerDispatcher->call(Object(App\Controllers\Client\DynamicPageController), Object(Illuminate\Routing\Route), 'getShow')
#10 /srv/projects/Task/vendor/laravel/framework/src/Illuminate/Routing/Router.php(967): Illuminate\Routing\ControllerDispatcher->dispatch(Object(Illuminate\Routing\Route), Object(Illuminate\Http\Request), 'App\\Controllers...', 'getShow')
#11 [internal function]: Illuminate\Routing\Router->Illuminate\Routing\{closure}('about/about_c')
#12 /srv/projects/Task/vendor/laravel/framework/src/Illuminate/Routing/Route.php(109): call_user_func_array(Object(Closure), Array)
#13 /srv/projects/Task/vendor/laravel/framework/src/Illuminate/Routing/Router.php(1033): Illuminate\Routing\Route->run(Object(Illuminate\Http\Request))
#14 /srv/projects/Task/vendor/laravel/framework/src/Illuminate/Routing/Router.php(1001): Illuminate\Routing\Router->dispatchToRoute(Object(Illuminate\Http\Request))
#15 /srv/projects/Task/vendor/laravel/framework/src/Illuminate/Foundation/Application.php(781): Illuminate\Routing\Router->dispatch(Object(Illuminate\Http\Request))
#16 /srv/projects/Task/vendor/laravel/framework/src/Illuminate/Foundation/Application.php(745): Illuminate\Foundation\Application->dispatch(Object(Illuminate\Http\Request))
#17 /srv/projects/Task/vendor/barryvdh/laravel-debugbar/src/Middleware/Stack.php(34): Illuminate\Foundation\Application->handle(Object(Illuminate\Http\Request), 1, true)
#18 /srv/projects/Task/vendor/laravel/framework/src/Illuminate/Session/Middleware.php(72): Barryvdh\Debugbar\Middleware\Stack->handle(Object(Illuminate\Http\Request), 1, true)
#19 /srv/projects/Task/vendor/laravel/framework/src/Illuminate/Cookie/Queue.php(47): Illuminate\Session\Middleware->handle(Object(Illuminate\Http\Request), 1, true)
#20 /srv/projects/Task/vendor/laravel/framework/src/Illuminate/Cookie/Guard.php(51): Illuminate\Cookie\Queue->handle(Object(Illuminate\Http\Request), 1, true)
#21 /srv/projects/Task/vendor/stack/builder/src/Stack/StackedHttpKernel.php(23): Illuminate\Cookie\Guard->handle(Object(Illuminate\Http\Request), 1, true)
#22 /srv/projects/Task/vendor/laravel/framework/src/Illuminate/Foundation/Application.php(641): Stack\StackedHttpKernel->handle(Object(Illuminate\Http\Request))
#23 /srv/projects/Task/public/index.php(49): Illuminate\Foundation\Application->run()
#24 {main} [] []
[2023-05-13 22:46:20] local.ERROR: exception 'InvalidArgumentException' with message 'View [client.text_pages.page] not found.' in /srv/projects/Task/vendor/laravel/framework/src/Illuminate/View/FileViewFinder.php:146
Stack trace:
#0 /srv/projects/Task/vendor/laravel/framework/src/Illuminate/View/FileViewFinder.php(83): Illuminate\View\FileViewFinder->findInPaths('client.text_pag...', Array)
#1 /srv/projects/Task/vendor/laravel/framework/src/Illuminate/View/Factory.php(124): Illuminate\View\FileViewFinder->find('client.text_pag...')
#2 /srv/projects/Task/vendor/laravel/framework/src/Illuminate/Support/Facades/Facade.php(208): Illuminate\View\Factory->make('client.text_pag...')
#3 /srv/projects/Task/app/controllers/Client/DynamicPageController/TextPageSubController.php(22): Illuminate\Support\Facades\Facade::__callStatic('make', Array)
#4 /srv/projects/Task/app/controllers/Client/DynamicPageController/TextPageSubController.php(22): Illuminate\Support\Facades\View::make('client.text_pag...')
#5 /srv/projects/Task/app/controllers/Client/DynamicPageController.php(41): App\Controllers\Client\DynamicPageController\TextPageSubController->getTextPageResponse(Object(App\Models\Node), Object(App\Models\TextPage))
#6 [internal function]: App\Controllers\Client\DynamicPageController->getShow('about/about_c')
#7 /srv/projects/Task/vendor/laravel/framework/src/Illuminate/Routing/Controller.php(231): call_user_func_array(Array, Array)
#8 /srv/projects/Task/vendor/laravel/framework/src/Illuminate/Routing/ControllerDispatcher.php(93): Illuminate\Routing\Controller->callAction('getShow', Array)
#9 /srv/projects/Task/vendor/laravel/framework/src/Illuminate/Routing/ControllerDispatcher.php(62): Illuminate\Routing\ControllerDispatcher->call(Object(App\Controllers\Client\DynamicPageController), Object(Illuminate\Routing\Route), 'getShow')
#10 /srv/projects/Task/vendor/laravel/framework/src/Illuminate/Routing/Router.php(967): Illuminate\Routing\ControllerDispatcher->dispatch(Object(Illuminate\Routing\Route), Object(Illuminate\Http\Request), 'App\\Controllers...', 'getShow')
#11 [internal function]: Illuminate\Routing\Router->Illuminate\Routing\{closure}('about/about_c')
#12 /srv/projects/Task/vendor/laravel/framework/src/Illuminate/Routing/Route.php(109): call_user_func_array(Object(Closure), Array)
#13 /srv/projects/Task/vendor/laravel/framework/src/Illuminate/Routing/Router.php(1033): Illuminate\Routing\Route->run(Object(Illuminate\Http\Request))
#14 /srv/projects/Task/vendor/laravel/framework/src/Illuminate/Routing/Router.php(1001): Illuminate\Routing\Router->dispatchToRoute(Object(Illuminate\Http\Request))
#15 /srv/projects/Task/vendor/laravel/framework/src/Illuminate/Foundation/Application.php(781): Illuminate\Routing\Router->dispatch(Object(Illuminate\Http\Request))
#16 /srv/projects/Task/vendor/laravel/framework/src/Illuminate/Foundation/Application.php(745): Illuminate\Foundation\Application->dispatch(Object(Illuminate\Http\Request))
#17 /srv/projects/Task/vendor/barryvdh/laravel-debugbar/src/Middleware/Stack.php(34): Illuminate\Foundation\Application->handle(Object(Illuminate\Http\Request), 1, true)
#18 /srv/projects/Task/vendor/laravel/framework/src/Illuminate/Session/Middleware.php(72): Barryvdh\Debugbar\Middleware\Stack->handle(Object(Illuminate\Http\Request), 1, true)
#19 /srv/projects/Task/vendor/laravel/framework/src/Illuminate/Cookie/Queue.php(47): Illuminate\Session\Middleware->handle(Object(Illuminate\Http\Request), 1, true)
#20 /srv/projects/Task/vendor/laravel/framework/src/Illuminate/Cookie/Guard.php(51): Illuminate\Cookie\Queue->handle(Object(Illuminate\Http\Request), 1, true)
#21 /srv/projects/Task/vendor/stack/builder/src/Stack/StackedHttpKernel.php(23): Illuminate\Cookie\Guard->handle(Object(Illuminate\Http\Request), 1, true)
#22 /srv/projects/Task/vendor/laravel/framework/src/Illuminate/Foundation/Application.php(641): Stack\StackedHttpKernel->handle(Object(Illuminate\Http\Request))
#23 /srv/projects/Task/public/index.php(49): Illuminate\Foundation\Application->run()
#24 {main} [] []
[2023-05-13 22:47:02] local.ERROR: exception 'InvalidArgumentException' with message 'View [client.text_pages.page] not found.' in /srv/projects/Task/vendor/laravel/framework/src/Illuminate/View/FileViewFinder.php:146
Stack trace:
#0 /srv/projects/Task/vendor/laravel/framework/src/Illuminate/View/FileViewFinder.php(83): Illuminate\View\FileViewFinder->findInPaths('client.text_pag...', Array)
#1 /srv/projects/Task/vendor/laravel/framework/src/Illuminate/View/Factory.php(124): Illuminate\View\FileViewFinder->find('client.text_pag...')
#2 /srv/projects/Task/vendor/laravel/framework/src/Illuminate/Support/Facades/Facade.php(208): Illuminate\View\Factory->make('client.text_pag...')
#3 /srv/projects/Task/app/controllers/Client/DynamicPageController/TextPageSubController.php(22): Illuminate\Support\Facades\Facade::__callStatic('make', Array)
#4 /srv/projects/Task/app/controllers/Client/DynamicPageController/TextPageSubController.php(22): Illuminate\Support\Facades\View::make('client.text_pag...')
#5 /srv/projects/Task/app/controllers/Client/DynamicPageController.php(41): App\Controllers\Client\DynamicPageController\TextPageSubController->getTextPageResponse(Object(App\Models\Node), Object(App\Models\TextPage))
#6 [internal function]: App\Controllers\Client\DynamicPageController->getShow('about')
#7 /srv/projects/Task/vendor/laravel/framework/src/Illuminate/Routing/Controller.php(231): call_user_func_array(Array, Array)
#8 /srv/projects/Task/vendor/laravel/framework/src/Illuminate/Routing/ControllerDispatcher.php(93): Illuminate\Routing\Controller->callAction('getShow', Array)
#9 /srv/projects/Task/vendor/laravel/framework/src/Illuminate/Routing/ControllerDispatcher.php(62): Illuminate\Routing\ControllerDispatcher->call(Object(App\Controllers\Client\DynamicPageController), Object(Illuminate\Routing\Route), 'getShow')
#10 /srv/projects/Task/vendor/laravel/framework/src/Illuminate/Routing/Router.php(967): Illuminate\Routing\ControllerDispatcher->dispatch(Object(Illuminate\Routing\Route), Object(Illuminate\Http\Request), 'App\\Controllers...', 'getShow')
#11 [internal function]: Illuminate\Routing\Router->Illuminate\Routing\{closure}('about')
#12 /srv/projects/Task/vendor/laravel/framework/src/Illuminate/Routing/Route.php(109): call_user_func_array(Object(Closure), Array)
#13 /srv/projects/Task/vendor/laravel/framework/src/Illuminate/Routing/Router.php(1033): Illuminate\Routing\Route->run(Object(Illuminate\Http\Request))
#14 /srv/projects/Task/vendor/laravel/framework/src/Illuminate/Routing/Router.php(1001): Illuminate\Routing\Router->dispatchToRoute(Object(Illuminate\Http\Request))
#15 /srv/projects/Task/vendor/laravel/framework/src/Illuminate/Foundation/Application.php(781): Illuminate\Routing\Router->dispatch(Object(Illuminate\Http\Request))
#16 /srv/projects/Task/vendor/laravel/framework/src/Illuminate/Foundation/Application.php(745): Illuminate\Foundation\Application->dispatch(Object(Illuminate\Http\Request))
#17 /srv/projects/Task/vendor/barryvdh/laravel-debugbar/src/Middleware/Stack.php(34): Illuminate\Foundation\Application->handle(Object(Illuminate\Http\Request), 1, true)
#18 /srv/projects/Task/vendor/laravel/framework/src/Illuminate/Session/Middleware.php(72): Barryvdh\Debugbar\Middleware\Stack->handle(Object(Illuminate\Http\Request), 1, true)
#19 /srv/projects/Task/vendor/laravel/framework/src/Illuminate/Cookie/Queue.php(47): Illuminate\Session\Middleware->handle(Object(Illuminate\Http\Request), 1, true)
#20 /srv/projects/Task/vendor/laravel/framework/src/Illuminate/Cookie/Guard.php(51): Illuminate\Cookie\Queue->handle(Object(Illuminate\Http\Request), 1, true)
#21 /srv/projects/Task/vendor/stack/builder/src/Stack/StackedHttpKernel.php(23): Illuminate\Cookie\Guard->handle(Object(Illuminate\Http\Request), 1, true)
#22 /srv/projects/Task/vendor/laravel/framework/src/Illuminate/Foundation/Application.php(641): Stack\StackedHttpKernel->handle(Object(Illuminate\Http\Request))
#23 /srv/projects/Task/public/index.php(49): Illuminate\Foundation\Application->run()
#24 {main} [] []
